<?xml version="1.0" encoding="UTF-8"?>
<testng-results ignored="0" total="1" passed="1" failed="0" skipped="0">
  <reporter-output>
  </reporter-output>
  <suite started-at="2021-10-13T11:27:05 IST" name="Default suite" finished-at="2021-10-13T11:27:17 IST" duration-ms="12100">
    <groups>
    </groups>
    <test started-at="2021-10-13T11:27:05 IST" name="Default test" finished-at="2021-10-13T11:27:17 IST" duration-ms="12100">
      <class name="practice.Debug">
        <test-method signature="CreateOpp1()[pri:0, instance:practice.Debug@316bcf94]" started-at="2021-10-13T11:27:05 IST" name="CreateOpp1" finished-at="2021-10-13T11:27:17 IST" duration-ms="12049" status="PASS">
          <reporter-output>
          </reporter-output>
        </test-method> <!-- CreateOpp1 -->
      </class> <!-- practice.Debug -->
    </test> <!-- Default test -->
  </suite> <!-- Default suite -->
</testng-results>
